<?xml version="1.0" encoding="UTF-8"?>
<!-- Generated by org.testng.reporters.JUnitReportReporter -->
<testsuite skipped="0" hostname="LAPTOP-4FVKRHU2" name="WeatherReportTest.TestWeatherApp" tests="4" failures="0" timestamp="25 Sep 2021 08:27:19 GMT" time="40.710" errors="0">
  <testcase name="testWeatherApp" time="4.332" classname="WeatherReportTest.TestWeatherApp"/>
  <testcase name="testWithAddress" time="11.291" classname="WeatherReportTest.TestWeatherApp"/>
  <testcase name="testMoreInfo" time="10.821" classname="WeatherReportTest.TestWeatherApp"/>
  <testcase name="checkAbout" time="14.266" classname="WeatherReportTest.TestWeatherApp"/>
</testsuite> <!-- WeatherReportTest.TestWeatherApp -->
